[ 2016-05-28T14:36:06+08:00 ] ::1 /testbench/tp/index.php/Home/user/testajax.html
INFO: [ app_init ] --START--
INFO: Run Behavior\BuildLiteBehavior [ RunTime:0.000000s ]
INFO: [ app_init ] --END-- [ RunTime:0.001000s ]
INFO: [ app_begin ] --START--
INFO: Run Behavior\ReadHtmlCacheBehavior [ RunTime:0.001000s ]
INFO: [ app_begin ] --END-- [ RunTime:0.001000s ]
ERR: 非法操作:testajax

[ 2016-05-28T14:36:16+08:00 ] ::1 /testbench/tp/index.php/Home/user/test
INFO: [ app_init ] --START--
INFO: Run Behavior\BuildLiteBehavior [ RunTime:0.000000s ]
INFO: [ app_init ] --END-- [ RunTime:0.012001s ]
INFO: [ app_begin ] --START--
INFO: Run Behavior\ReadHtmlCacheBehavior [ RunTime:0.001000s ]
INFO: [ app_begin ] --END-- [ RunTime:0.001000s ]

[ 2016-05-28T14:39:06+08:00 ] ::1 /testbench/tp/index.php/Home/user/test
INFO: [ app_init ] --START--
INFO: Run Behavior\BuildLiteBehavior [ RunTime:0.000000s ]
INFO: [ app_init ] --END-- [ RunTime:0.001000s ]
INFO: [ app_begin ] --START--
INFO: Run Behavior\ReadHtmlCacheBehavior [ RunTime:0.001000s ]
INFO: [ app_begin ] --END-- [ RunTime:0.001000s ]

[ 2016-05-28T14:39:21+08:00 ] ::1 /testbench/tp/index.php/Home/user/test
INFO: [ app_init ] --START--
INFO: Run Behavior\BuildLiteBehavior [ RunTime:0.002000s ]
INFO: [ app_init ] --END-- [ RunTime:0.002000s ]
INFO: [ app_begin ] --START--
INFO: Run Behavior\ReadHtmlCacheBehavior [ RunTime:0.001000s ]
INFO: [ app_begin ] --END-- [ RunTime:0.001000s ]

[ 2016-05-28T14:49:34+08:00 ] ::1 /testbench/tp/index.php/Home/user/test
INFO: [ app_init ] --START--
INFO: Run Behavior\BuildLiteBehavior [ RunTime:0.000000s ]
INFO: [ app_init ] --END-- [ RunTime:0.001000s ]
INFO: [ app_begin ] --START--
INFO: Run Behavior\ReadHtmlCacheBehavior [ RunTime:0.001000s ]
INFO: [ app_begin ] --END-- [ RunTime:0.001000s ]
INFO: [ app_end ] --START--
INFO: Run Behavior\ShowPageTraceBehavior [ RunTime:0.002000s ]
INFO: [ app_end ] --END-- [ RunTime:0.002000s ]

[ 2016-05-28T15:39:39+08:00 ] ::1 /testbench/tp/index.php/Home/user/imageprocess.html
INFO: [ app_init ] --START--
INFO: Run Behavior\BuildLiteBehavior [ RunTime:0.000000s ]
INFO: [ app_init ] --END-- [ RunTime:0.000000s ]
INFO: [ app_begin ] --START--
INFO: Run Behavior\ReadHtmlCacheBehavior [ RunTime:0.001000s ]
INFO: [ app_begin ] --END-- [ RunTime:0.001000s ]
INFO: [ view_parse ] --START--
INFO: [ template_filter ] --START--
INFO: Run Behavior\ContentReplaceBehavior [ RunTime:0.000000s ]
INFO: [ template_filter ] --END-- [ RunTime:0.000000s ]
INFO: Run Behavior\ParseTemplateBehavior [ RunTime:0.013001s ]
INFO: [ view_parse ] --END-- [ RunTime:0.013001s ]
INFO: [ view_filter ] --START--
INFO: Run Behavior\WriteHtmlCacheBehavior [ RunTime:0.001000s ]
INFO: [ view_filter ] --END-- [ RunTime:0.001000s ]
INFO: [ app_end ] --START--
INFO: Run Behavior\ShowPageTraceBehavior [ RunTime:0.002000s ]
INFO: [ app_end ] --END-- [ RunTime:0.002000s ]

[ 2016-05-28T15:40:04+08:00 ] ::1 /testbench/tp/index.php/Home/User/imageProcess.html
INFO: [ app_init ] --START--
INFO: Run Behavior\BuildLiteBehavior [ RunTime:0.000000s ]
INFO: [ app_init ] --END-- [ RunTime:0.000000s ]
INFO: [ app_begin ] --START--
INFO: Run Behavior\ReadHtmlCacheBehavior [ RunTime:0.001000s ]
INFO: [ app_begin ] --END-- [ RunTime:0.001000s ]
NOTIC: [2] call_user_func() expects parameter 1 to be a valid callback, no array or string given D:\xampp\htdocs\testbench\tp\ThinkPHP\Library\Think\Upload.class.php 第 170 行.
SQL: SHOW COLUMNS FROM `think_imageprocess` [ RunTime:0.0030s ]
SQL: INSERT INTO `think_imageprocess` (`username`,`file_origin_name`,`file_save_name`,`file_save_path`,`uploadtime`) VALUES ('luyi','5.jpg','57494b53ebcb9.jpg','images/20160528/','2016-05-28 15:40:03') [ RunTime:0.0660s ]

[ 2016-05-28T15:40:30+08:00 ] ::1 /testbench/tp/index.php/Home/User/ajaxProcess.html
INFO: [ app_init ] --START--
INFO: Run Behavior\BuildLiteBehavior [ RunTime:0.000000s ]
INFO: [ app_init ] --END-- [ RunTime:0.001000s ]
INFO: [ app_begin ] --START--
INFO: Run Behavior\ReadHtmlCacheBehavior [ RunTime:0.002000s ]
INFO: [ app_begin ] --END-- [ RunTime:0.002000s ]
SQL: SHOW COLUMNS FROM `think_imageprocess` [ RunTime:0.0070s ]
ERR: 1054:Unknown column '57494b53ebcb9.jpg' in 'where clause'
 [ SQL语句 ] : UPDATE `think_imageprocess` SET `file_type`='二维码' WHERE ( file_save_name = 57494b53ebcb9.jpg )
ERR: 1054:Unknown column '57494b53ebcb9.jpg' in 'where clause'
 [ SQL语句 ] : UPDATE `think_imageprocess` SET `file_type`='二维码' WHERE ( file_save_name = 57494b53ebcb9.jpg )

[ 2016-05-28T15:43:20+08:00 ] ::1 /testbench/tp/index.php/Home/user/imageprocess.html
INFO: [ app_init ] --START--
INFO: Run Behavior\BuildLiteBehavior [ RunTime:0.000000s ]
INFO: [ app_init ] --END-- [ RunTime:0.000000s ]
INFO: [ app_begin ] --START--
INFO: Run Behavior\ReadHtmlCacheBehavior [ RunTime:0.001000s ]
INFO: [ app_begin ] --END-- [ RunTime:0.001000s ]
INFO: [ view_parse ] --START--
INFO: [ template_filter ] --START--
INFO: Run Behavior\ContentReplaceBehavior [ RunTime:0.000000s ]
INFO: [ template_filter ] --END-- [ RunTime:0.000000s ]
INFO: Run Behavior\ParseTemplateBehavior [ RunTime:0.012001s ]
INFO: [ view_parse ] --END-- [ RunTime:0.012001s ]
INFO: [ view_filter ] --START--
INFO: Run Behavior\WriteHtmlCacheBehavior [ RunTime:0.000000s ]
INFO: [ view_filter ] --END-- [ RunTime:0.000000s ]
INFO: [ app_end ] --START--
INFO: Run Behavior\ShowPageTraceBehavior [ RunTime:0.000000s ]
INFO: [ app_end ] --END-- [ RunTime:0.001000s ]

[ 2016-05-28T15:43:37+08:00 ] ::1 /testbench/tp/index.php/Home/User/imageProcess.html
INFO: [ app_init ] --START--
INFO: Run Behavior\BuildLiteBehavior [ RunTime:0.000000s ]
INFO: [ app_init ] --END-- [ RunTime:0.000000s ]
INFO: [ app_begin ] --START--
INFO: Run Behavior\ReadHtmlCacheBehavior [ RunTime:0.001000s ]
INFO: [ app_begin ] --END-- [ RunTime:0.001000s ]
NOTIC: [2] call_user_func() expects parameter 1 to be a valid callback, no array or string given D:\xampp\htdocs\testbench\tp\ThinkPHP\Library\Think\Upload.class.php 第 170 行.
SQL: SHOW COLUMNS FROM `think_imageprocess` [ RunTime:0.0040s ]
SQL: INSERT INTO `think_imageprocess` (`username`,`file_origin_name`,`file_save_name`,`file_save_path`,`uploadtime`) VALUES ('luyi','1.jpg','57494c292e63c.jpg','images/20160528/','2016-05-28 15:43:37') [ RunTime:0.0440s ]

[ 2016-05-28T15:43:41+08:00 ] ::1 /testbench/tp/index.php/Home/User/ajaxProcess.html
INFO: [ app_init ] --START--
INFO: Run Behavior\BuildLiteBehavior [ RunTime:0.000000s ]
INFO: [ app_init ] --END-- [ RunTime:0.001000s ]
INFO: [ app_begin ] --START--
INFO: Run Behavior\ReadHtmlCacheBehavior [ RunTime:0.001000s ]
INFO: [ app_begin ] --END-- [ RunTime:0.001000s ]
SQL: SHOW COLUMNS FROM `think_imageprocess` [ RunTime:0.0080s ]
ERR: 1054:Unknown column '57494c292e63c.jpg' in 'where clause'
 [ SQL语句 ] : UPDATE `think_imageprocess` SET `file_type`='二维码' WHERE ( file_save_name = 57494c292e63c.jpg )
ERR: 1054:Unknown column '57494c292e63c.jpg' in 'where clause'
 [ SQL语句 ] : UPDATE `think_imageprocess` SET `file_type`='二维码' WHERE ( file_save_name = 57494c292e63c.jpg )

[ 2016-05-28T15:44:10+08:00 ] ::1 /testbench/tp/index.php/Home/User/ajaxProcess.html
INFO: [ app_init ] --START--
INFO: Run Behavior\BuildLiteBehavior [ RunTime:0.000000s ]
INFO: [ app_init ] --END-- [ RunTime:0.003000s ]
INFO: [ app_begin ] --START--
INFO: Run Behavior\ReadHtmlCacheBehavior [ RunTime:0.001000s ]
INFO: [ app_begin ] --END-- [ RunTime:0.001000s ]
SQL: SHOW COLUMNS FROM `think_imageprocess` [ RunTime:0.0040s ]
ERR: 1054:Unknown column '57494c292e63c.jpg' in 'where clause'
 [ SQL语句 ] : UPDATE `think_imageprocess` SET `file_type`='二维码' WHERE ( file_save_name = 57494c292e63c.jpg )
ERR: 1054:Unknown column '57494c292e63c.jpg' in 'where clause'
 [ SQL语句 ] : UPDATE `think_imageprocess` SET `file_type`='二维码' WHERE ( file_save_name = 57494c292e63c.jpg )

[ 2016-05-28T15:59:15+08:00 ] ::1 /testbench/tp/index.php/Home/user/imageprocess.html
INFO: [ app_init ] --START--
INFO: Run Behavior\BuildLiteBehavior [ RunTime:0.000000s ]
INFO: [ app_init ] --END-- [ RunTime:0.000000s ]
INFO: [ app_begin ] --START--
INFO: Run Behavior\ReadHtmlCacheBehavior [ RunTime:0.001000s ]
INFO: [ app_begin ] --END-- [ RunTime:0.001000s ]
INFO: [ view_parse ] --START--
INFO: [ template_filter ] --START--
INFO: Run Behavior\ContentReplaceBehavior [ RunTime:0.000000s ]
INFO: [ template_filter ] --END-- [ RunTime:0.000000s ]
INFO: Run Behavior\ParseTemplateBehavior [ RunTime:0.009001s ]
INFO: [ view_parse ] --END-- [ RunTime:0.009001s ]
INFO: [ view_filter ] --START--
INFO: Run Behavior\WriteHtmlCacheBehavior [ RunTime:0.001000s ]
INFO: [ view_filter ] --END-- [ RunTime:0.001000s ]
INFO: [ app_end ] --START--
INFO: Run Behavior\ShowPageTraceBehavior [ RunTime:0.001000s ]
INFO: [ app_end ] --END-- [ RunTime:0.001000s ]

[ 2016-05-28T15:59:25+08:00 ] ::1 /testbench/tp/index.php/Home/User/imageProcess.html
INFO: [ app_init ] --START--
INFO: Run Behavior\BuildLiteBehavior [ RunTime:0.000000s ]
INFO: [ app_init ] --END-- [ RunTime:0.000000s ]
INFO: [ app_begin ] --START--
INFO: Run Behavior\ReadHtmlCacheBehavior [ RunTime:0.001000s ]
INFO: [ app_begin ] --END-- [ RunTime:0.001000s ]
NOTIC: [2] call_user_func() expects parameter 1 to be a valid callback, no array or string given D:\xampp\htdocs\testbench\tp\ThinkPHP\Library\Think\Upload.class.php 第 170 行.
SQL: SHOW COLUMNS FROM `think_imageprocess` [ RunTime:0.0060s ]
SQL: INSERT INTO `think_imageprocess` (`username`,`file_origin_name`,`file_save_name`,`file_save_path`,`uploadtime`) VALUES ('luyi','1.jpg','57494fdd32984.jpg','images/20160528/','2016-05-28 15:59:25') [ RunTime:0.0530s ]

[ 2016-05-28T15:59:27+08:00 ] ::1 /testbench/tp/index.php/Home/User/ajaxProcess.html
INFO: [ app_init ] --START--
INFO: Run Behavior\BuildLiteBehavior [ RunTime:0.000000s ]
INFO: [ app_init ] --END-- [ RunTime:0.000000s ]
INFO: [ app_begin ] --START--
INFO: Run Behavior\ReadHtmlCacheBehavior [ RunTime:0.001000s ]
INFO: [ app_begin ] --END-- [ RunTime:0.001000s ]
SQL: SHOW COLUMNS FROM `think_imageprocess` [ RunTime:0.0030s ]
ERR: 1054:Unknown column '57494fdd32984.jpg' in 'where clause'
 [ SQL语句 ] : UPDATE `think_imageprocess` SET `file_type`='二维码' WHERE ( file_save_name = 57494fdd32984.jpg )
ERR: 1054:Unknown column '57494fdd32984.jpg' in 'where clause'
 [ SQL语句 ] : UPDATE `think_imageprocess` SET `file_type`='二维码' WHERE ( file_save_name = 57494fdd32984.jpg )

[ 2016-05-28T16:01:42+08:00 ] ::1 /testbench/tp/index.php/Home/User/ajaxProcess.html
INFO: [ app_init ] --START--
INFO: Run Behavior\BuildLiteBehavior [ RunTime:0.000000s ]
INFO: [ app_init ] --END-- [ RunTime:0.000000s ]
INFO: [ app_begin ] --START--
INFO: Run Behavior\ReadHtmlCacheBehavior [ RunTime:0.001000s ]
INFO: [ app_begin ] --END-- [ RunTime:0.001000s ]
SQL: SHOW COLUMNS FROM `think_imageprocess` [ RunTime:0.0040s ]
SQL: UPDATE `think_imageprocess` SET `file_type`='二维码' WHERE ( id = 17 ) [ RunTime:0.0490s ]

[ 2016-05-28T16:08:12+08:00 ] ::1 /testbench/tp/index.php/Home/user/imageprocess.html
INFO: [ app_init ] --START--
INFO: Run Behavior\BuildLiteBehavior [ RunTime:0.000000s ]
INFO: [ app_init ] --END-- [ RunTime:0.000000s ]
INFO: [ app_begin ] --START--
INFO: Run Behavior\ReadHtmlCacheBehavior [ RunTime:0.002001s ]
INFO: [ app_begin ] --END-- [ RunTime:0.002001s ]
INFO: [ view_parse ] --START--
INFO: [ template_filter ] --START--
INFO: Run Behavior\ContentReplaceBehavior [ RunTime:0.000000s ]
INFO: [ template_filter ] --END-- [ RunTime:0.000000s ]
INFO: Run Behavior\ParseTemplateBehavior [ RunTime:0.013000s ]
INFO: [ view_parse ] --END-- [ RunTime:0.013000s ]
INFO: [ view_filter ] --START--
INFO: Run Behavior\WriteHtmlCacheBehavior [ RunTime:0.001001s ]
INFO: [ view_filter ] --END-- [ RunTime:0.001001s ]
INFO: [ app_end ] --START--
INFO: Run Behavior\ShowPageTraceBehavior [ RunTime:0.001000s ]
INFO: [ app_end ] --END-- [ RunTime:0.001000s ]

[ 2016-05-28T16:08:20+08:00 ] ::1 /testbench/tp/index.php/Home/User/imageProcess.html
INFO: [ app_init ] --START--
INFO: Run Behavior\BuildLiteBehavior [ RunTime:0.000000s ]
INFO: [ app_init ] --END-- [ RunTime:0.000000s ]
INFO: [ app_begin ] --START--
INFO: Run Behavior\ReadHtmlCacheBehavior [ RunTime:0.001000s ]
INFO: [ app_begin ] --END-- [ RunTime:0.001000s ]
NOTIC: [2] call_user_func() expects parameter 1 to be a valid callback, no array or string given D:\xampp\htdocs\testbench\tp\ThinkPHP\Library\Think\Upload.class.php 第 170 行.
SQL: SHOW COLUMNS FROM `think_imageprocess` [ RunTime:0.0040s ]
SQL: INSERT INTO `think_imageprocess` (`username`,`file_origin_name`,`file_save_name`,`file_save_path`,`uploadtime`) VALUES ('luyi','5.jpg','574951f473afb.jpg','images/20160528/','2016-05-28 16:08:20') [ RunTime:0.0460s ]

[ 2016-05-28T16:08:23+08:00 ] ::1 /testbench/tp/index.php/Home/User/ajaxProcess.html
INFO: [ app_init ] --START--
INFO: Run Behavior\BuildLiteBehavior [ RunTime:0.000000s ]
INFO: [ app_init ] --END-- [ RunTime:0.000000s ]
INFO: [ app_begin ] --START--
INFO: Run Behavior\ReadHtmlCacheBehavior [ RunTime:0.001000s ]
INFO: [ app_begin ] --END-- [ RunTime:0.001000s ]
SQL: SHOW COLUMNS FROM `think_imageprocess` [ RunTime:0.0030s ]
SQL: UPDATE `think_imageprocess` SET `file_type`='二维码' WHERE ( file_save_name = '574951f473afb.jpg' ) [ RunTime:0.0360s ]

[ 2016-05-28T21:44:42+08:00 ] ::1 /testbench/tp/
INFO: [ app_init ] --START--
INFO: Run Behavior\BuildLiteBehavior [ RunTime:0.000000s ]
INFO: [ app_init ] --END-- [ RunTime:0.000000s ]
INFO: [ app_begin ] --START--
INFO: Run Behavior\ReadHtmlCacheBehavior [ RunTime:0.001000s ]
INFO: [ app_begin ] --END-- [ RunTime:0.001000s ]

[ 2016-05-28T21:44:42+08:00 ] ::1 /testbench/tp/index.php/Home/user/login.html
INFO: [ app_init ] --START--
INFO: Run Behavior\BuildLiteBehavior [ RunTime:0.000000s ]
INFO: [ app_init ] --END-- [ RunTime:0.000000s ]
INFO: [ app_begin ] --START--
INFO: Run Behavior\ReadHtmlCacheBehavior [ RunTime:0.001000s ]
INFO: [ app_begin ] --END-- [ RunTime:0.001000s ]

[ 2016-05-28T21:45:13+08:00 ] ::1 /testbench/tp/index.php/Home/user/login.html
INFO: [ app_init ] --START--
INFO: Run Behavior\BuildLiteBehavior [ RunTime:0.000000s ]
INFO: [ app_init ] --END-- [ RunTime:0.000000s ]
INFO: [ app_begin ] --START--
INFO: Run Behavior\ReadHtmlCacheBehavior [ RunTime:0.000000s ]
INFO: [ app_begin ] --END-- [ RunTime:0.000000s ]
INFO: [ view_parse ] --START--
INFO: [ template_filter ] --START--
INFO: Run Behavior\ContentReplaceBehavior [ RunTime:0.000000s ]
INFO: [ template_filter ] --END-- [ RunTime:0.000000s ]
INFO: Run Behavior\ParseTemplateBehavior [ RunTime:0.024001s ]
INFO: [ view_parse ] --END-- [ RunTime:0.025001s ]
INFO: [ view_filter ] --START--
INFO: Run Behavior\WriteHtmlCacheBehavior [ RunTime:0.001000s ]
INFO: [ view_filter ] --END-- [ RunTime:0.001000s ]
INFO: [ app_end ] --START--
INFO: Run Behavior\ShowPageTraceBehavior [ RunTime:0.001000s ]
INFO: [ app_end ] --END-- [ RunTime:0.001000s ]

[ 2016-05-28T21:45:52+08:00 ] ::1 /testbench/tp/index.php/Home/User/login
INFO: [ app_init ] --START--
INFO: Run Behavior\BuildLiteBehavior [ RunTime:0.000000s ]
INFO: [ app_init ] --END-- [ RunTime:0.000000s ]
INFO: [ app_begin ] --START--
INFO: Run Behavior\ReadHtmlCacheBehavior [ RunTime:0.002000s ]
INFO: [ app_begin ] --END-- [ RunTime:0.002000s ]
SQL: SHOW COLUMNS FROM `think_user` [ RunTime:0.0040s ]
SQL: SELECT * FROM `think_user` WHERE `username` = 'luuuyi' AND `password` = '123456' AND `passwordmd5` = 'e10adc3949ba59abbe56e057f20f883e'  [ RunTime:0.0020s ]
NOTIC: [8] Undefined index: validate D:\xampp\htdocs\testbench\tp\ThinkPHP\Library\Think\Model.class.php 第 1185 行.
NOTIC: [8] Undefined index: auto D:\xampp\htdocs\testbench\tp\ThinkPHP\Library\Think\Model.class.php 第 1128 行.
SQL: UPDATE `think_user` SET `lastlogintime`='2016-05-24 16:30:57',`lastloginip`='0.0.0.0',`logintime`='2016-05-28 21:45:52',`loginip`='0.0.0.0' WHERE `username` = 'luuuyi' AND `password` = '123456' AND `passwordmd5` = 'e10adc3949ba59abbe56e057f20f883e' [ RunTime:0.0360s ]
INFO: [ view_parse ] --START--
INFO: [ template_filter ] --START--
INFO: Run Behavior\ContentReplaceBehavior [ RunTime:0.000000s ]
INFO: [ template_filter ] --END-- [ RunTime:0.000000s ]
INFO: Run Behavior\ParseTemplateBehavior [ RunTime:0.021001s ]
INFO: [ view_parse ] --END-- [ RunTime:0.021001s ]
INFO: [ view_filter ] --START--
INFO: Run Behavior\WriteHtmlCacheBehavior [ RunTime:0.001000s ]
INFO: [ view_filter ] --END-- [ RunTime:0.001000s ]
INFO: [ app_end ] --START--
INFO: Run Behavior\ShowPageTraceBehavior [ RunTime:0.001000s ]
INFO: [ app_end ] --END-- [ RunTime:0.001000s ]

[ 2016-05-28T21:45:53+08:00 ] ::1 /testbench/tp/index.php/Home/index/index.html
INFO: [ app_init ] --START--
INFO: Run Behavior\BuildLiteBehavior [ RunTime:0.000000s ]
INFO: [ app_init ] --END-- [ RunTime:0.000000s ]
INFO: [ app_begin ] --START--
INFO: Run Behavior\ReadHtmlCacheBehavior [ RunTime:0.001000s ]
INFO: [ app_begin ] --END-- [ RunTime:0.001000s ]
SQL: SHOW COLUMNS FROM `think_message` [ RunTime:0.0060s ]
SQL: SELECT * FROM `think_message` ORDER BY id desc LIMIT 10   [ RunTime:0.0000s ]
INFO: [ view_parse ] --START--
INFO: [ template_filter ] --START--
INFO: Run Behavior\ContentReplaceBehavior [ RunTime:0.001000s ]
INFO: [ template_filter ] --END-- [ RunTime:0.001000s ]
INFO: Run Behavior\ParseTemplateBehavior [ RunTime:0.022001s ]
INFO: [ view_parse ] --END-- [ RunTime:0.022001s ]
INFO: [ view_filter ] --START--
INFO: Run Behavior\WriteHtmlCacheBehavior [ RunTime:0.001000s ]
INFO: [ view_filter ] --END-- [ RunTime:0.001000s ]
INFO: [ app_end ] --START--
INFO: Run Behavior\ShowPageTraceBehavior [ RunTime:0.001001s ]
INFO: [ app_end ] --END-- [ RunTime:0.001001s ]

[ 2016-05-28T21:46:05+08:00 ] ::1 /testbench/tp/index.php/Home/user/imageprocess.html
INFO: [ app_init ] --START--
INFO: Run Behavior\BuildLiteBehavior [ RunTime:0.000000s ]
INFO: [ app_init ] --END-- [ RunTime:0.001000s ]
INFO: [ app_begin ] --START--
INFO: Run Behavior\ReadHtmlCacheBehavior [ RunTime:0.002000s ]
INFO: [ app_begin ] --END-- [ RunTime:0.002000s ]
INFO: [ view_parse ] --START--
INFO: [ template_filter ] --START--
INFO: Run Behavior\ContentReplaceBehavior [ RunTime:0.000000s ]
INFO: [ template_filter ] --END-- [ RunTime:0.000000s ]
INFO: Run Behavior\ParseTemplateBehavior [ RunTime:0.009001s ]
INFO: [ view_parse ] --END-- [ RunTime:0.009001s ]
INFO: [ view_filter ] --START--
INFO: Run Behavior\WriteHtmlCacheBehavior [ RunTime:0.001000s ]
INFO: [ view_filter ] --END-- [ RunTime:0.001000s ]
INFO: [ app_end ] --START--
INFO: Run Behavior\ShowPageTraceBehavior [ RunTime:0.001000s ]
INFO: [ app_end ] --END-- [ RunTime:0.001000s ]

[ 2016-05-28T21:46:34+08:00 ] ::1 /testbench/tp/index.php/Home/User/imageProcess.html
INFO: [ app_init ] --START--
INFO: Run Behavior\BuildLiteBehavior [ RunTime:0.000000s ]
INFO: [ app_init ] --END-- [ RunTime:0.000000s ]
INFO: [ app_begin ] --START--
INFO: Run Behavior\ReadHtmlCacheBehavior [ RunTime:0.001000s ]
INFO: [ app_begin ] --END-- [ RunTime:0.001000s ]
NOTIC: [2] call_user_func() expects parameter 1 to be a valid callback, no array or string given D:\xampp\htdocs\testbench\tp\ThinkPHP\Library\Think\Upload.class.php 第 170 行.
SQL: SHOW COLUMNS FROM `think_imageprocess` [ RunTime:0.0030s ]
SQL: INSERT INTO `think_imageprocess` (`username`,`file_origin_name`,`file_save_name`,`file_save_path`,`uploadtime`) VALUES ('luuuyi','6.jpg','5749a13a7e5e4.jpg','images/20160528/','2016-05-28 21:46:34') [ RunTime:0.0430s ]

[ 2016-05-28T21:46:40+08:00 ] ::1 /testbench/tp/index.php/Home/User/ajaxProcess.html
INFO: [ app_init ] --START--
INFO: Run Behavior\BuildLiteBehavior [ RunTime:0.000000s ]
INFO: [ app_init ] --END-- [ RunTime:0.000000s ]
INFO: [ app_begin ] --START--
INFO: Run Behavior\ReadHtmlCacheBehavior [ RunTime:0.001000s ]
INFO: [ app_begin ] --END-- [ RunTime:0.001000s ]
SQL: SHOW COLUMNS FROM `think_imageprocess` [ RunTime:0.0030s ]
SQL: UPDATE `think_imageprocess` SET `file_type`='二维码' WHERE ( file_save_name = '5749a13a7e5e4.jpg' ) [ RunTime:0.0330s ]

[ 2016-05-28T21:51:27+08:00 ] ::1 /testbench/tp/index.php/Home/user/imageprocess.html
INFO: [ app_init ] --START--
INFO: Run Behavior\BuildLiteBehavior [ RunTime:0.000000s ]
INFO: [ app_init ] --END-- [ RunTime:0.001000s ]
INFO: [ app_begin ] --START--
INFO: Run Behavior\ReadHtmlCacheBehavior [ RunTime:0.001000s ]
INFO: [ app_begin ] --END-- [ RunTime:0.001000s ]
INFO: [ view_parse ] --START--
INFO: [ template_filter ] --START--
INFO: Run Behavior\ContentReplaceBehavior [ RunTime:0.000000s ]
INFO: [ template_filter ] --END-- [ RunTime:0.000000s ]
INFO: Run Behavior\ParseTemplateBehavior [ RunTime:0.014001s ]
INFO: [ view_parse ] --END-- [ RunTime:0.014001s ]
INFO: [ view_filter ] --START--
INFO: Run Behavior\WriteHtmlCacheBehavior [ RunTime:0.001000s ]
INFO: [ view_filter ] --END-- [ RunTime:0.001000s ]
INFO: [ app_end ] --START--
INFO: Run Behavior\ShowPageTraceBehavior [ RunTime:0.001000s ]
INFO: [ app_end ] --END-- [ RunTime:0.001000s ]

[ 2016-05-28T21:51:43+08:00 ] ::1 /testbench/tp/index.php/Home/User/imageProcess.html
INFO: [ app_init ] --START--
INFO: Run Behavior\BuildLiteBehavior [ RunTime:0.000000s ]
INFO: [ app_init ] --END-- [ RunTime:0.000000s ]
INFO: [ app_begin ] --START--
INFO: Run Behavior\ReadHtmlCacheBehavior [ RunTime:0.001000s ]
INFO: [ app_begin ] --END-- [ RunTime:0.001000s ]
NOTIC: [2] call_user_func() expects parameter 1 to be a valid callback, no array or string given D:\xampp\htdocs\testbench\tp\ThinkPHP\Library\Think\Upload.class.php 第 170 行.
SQL: SHOW COLUMNS FROM `think_imageprocess` [ RunTime:0.0030s ]
SQL: INSERT INTO `think_imageprocess` (`username`,`file_origin_name`,`file_save_name`,`file_save_path`,`uploadtime`) VALUES ('luuuyi','20160511_1.jpg','5749a26f377bd.jpg','images/20160528/','2016-05-28 21:51:43') [ RunTime:0.0540s ]

[ 2016-05-28T21:51:46+08:00 ] ::1 /testbench/tp/index.php/Home/User/ajaxProcess.html
INFO: [ app_init ] --START--
INFO: Run Behavior\BuildLiteBehavior [ RunTime:0.000000s ]
INFO: [ app_init ] --END-- [ RunTime:0.001001s ]
INFO: [ app_begin ] --START--
INFO: Run Behavior\ReadHtmlCacheBehavior [ RunTime:0.001000s ]
INFO: [ app_begin ] --END-- [ RunTime:0.001000s ]
SQL: SHOW COLUMNS FROM `think_imageprocess` [ RunTime:0.0030s ]
SQL: UPDATE `think_imageprocess` SET `file_type`='人脸图像' WHERE ( file_save_name = '5749a26f377bd.jpg' ) [ RunTime:0.0420s ]
NOTIC: [2] file_get_contents(http://api.cn.faceplusplus.com/v2/detection/detect?url=host/testbench/tp/Public/Home/imageProcess/images/20160528/5749a26f377bd.jpg&amp;api_key=b7f5856b3a0498d67146511bbedc2b2b&amp;api_secret=aKhlYME0lg0Y2DLuvSTSM_eKMqw84Iue&amp;&amp;attribute=glass,pose,gender,age,race,smiling): failed to open stream: HTTP request failed! HTTP/1.1 432 UNKNOWN
 D:\xampp\htdocs\testbench\tp\Application\Home\Common\function.php 第 36 行.
NOTIC: [8] Trying to get property of non-object D:\xampp\htdocs\testbench\tp\Application\Home\Common\function.php 第 41 行.
NOTIC: [8] Trying to get property of non-object D:\xampp\htdocs\testbench\tp\Application\Home\Common\function.php 第 42 行.
NOTIC: [8] Trying to get property of non-object D:\xampp\htdocs\testbench\tp\Application\Home\Common\function.php 第 43 行.

[ 2016-05-28T21:58:21+08:00 ] ::1 /testbench/tp/index.php/Home/user/imageprocess.html
INFO: [ app_init ] --START--
INFO: Run Behavior\BuildLiteBehavior [ RunTime:0.000000s ]
INFO: [ app_init ] --END-- [ RunTime:0.000000s ]
INFO: [ app_begin ] --START--
INFO: Run Behavior\ReadHtmlCacheBehavior [ RunTime:0.001001s ]
INFO: [ app_begin ] --END-- [ RunTime:0.001001s ]
INFO: [ view_parse ] --START--
INFO: [ template_filter ] --START--
INFO: Run Behavior\ContentReplaceBehavior [ RunTime:0.000000s ]
INFO: [ template_filter ] --END-- [ RunTime:0.000000s ]
INFO: Run Behavior\ParseTemplateBehavior [ RunTime:0.011000s ]
INFO: [ view_parse ] --END-- [ RunTime:0.011000s ]
INFO: [ view_filter ] --START--
INFO: Run Behavior\WriteHtmlCacheBehavior [ RunTime:0.000000s ]
INFO: [ view_filter ] --END-- [ RunTime:0.001000s ]
INFO: [ app_end ] --START--
INFO: Run Behavior\ShowPageTraceBehavior [ RunTime:0.001000s ]
INFO: [ app_end ] --END-- [ RunTime:0.001000s ]

[ 2016-05-28T21:58:34+08:00 ] ::1 /testbench/tp/index.php/Home/User/imageProcess.html
INFO: [ app_init ] --START--
INFO: Run Behavior\BuildLiteBehavior [ RunTime:0.000000s ]
INFO: [ app_init ] --END-- [ RunTime:0.000000s ]
INFO: [ app_begin ] --START--
INFO: Run Behavior\ReadHtmlCacheBehavior [ RunTime:0.001001s ]
INFO: [ app_begin ] --END-- [ RunTime:0.001001s ]
NOTIC: [2] call_user_func() expects parameter 1 to be a valid callback, no array or string given D:\xampp\htdocs\testbench\tp\ThinkPHP\Library\Think\Upload.class.php 第 170 行.
SQL: SHOW COLUMNS FROM `think_imageprocess` [ RunTime:0.0030s ]
SQL: INSERT INTO `think_imageprocess` (`username`,`file_origin_name`,`file_save_name`,`file_save_path`,`uploadtime`) VALUES ('luuuyi','7.jpg','5749a40a4ba0e.jpg','images/20160528/','2016-05-28 21:58:34') [ RunTime:0.0550s ]

[ 2016-05-28T21:58:37+08:00 ] ::1 /testbench/tp/index.php/Home/User/ajaxProcess.html
INFO: [ app_init ] --START--
INFO: Run Behavior\BuildLiteBehavior [ RunTime:0.000000s ]
INFO: [ app_init ] --END-- [ RunTime:0.000000s ]
INFO: [ app_begin ] --START--
INFO: Run Behavior\ReadHtmlCacheBehavior [ RunTime:0.000000s ]
INFO: [ app_begin ] --END-- [ RunTime:0.001000s ]
SQL: SHOW COLUMNS FROM `think_imageprocess` [ RunTime:0.0030s ]
SQL: UPDATE `think_imageprocess` SET `file_type`='二维码' WHERE ( file_save_name = '5749a40a4ba0e.jpg' ) [ RunTime:0.0480s ]

[ 2016-05-28T22:02:02+08:00 ] ::1 /testbench/tp/index.php/Home/user/imageprocess.html
INFO: [ app_init ] --START--
INFO: Run Behavior\BuildLiteBehavior [ RunTime:0.000000s ]
INFO: [ app_init ] --END-- [ RunTime:0.000000s ]
INFO: [ app_begin ] --START--
INFO: Run Behavior\ReadHtmlCacheBehavior [ RunTime:0.001000s ]
INFO: [ app_begin ] --END-- [ RunTime:0.001000s ]
INFO: [ view_parse ] --START--
INFO: [ template_filter ] --START--
INFO: Run Behavior\ContentReplaceBehavior [ RunTime:0.000000s ]
INFO: [ template_filter ] --END-- [ RunTime:0.000000s ]
INFO: Run Behavior\ParseTemplateBehavior [ RunTime:0.012000s ]
INFO: [ view_parse ] --END-- [ RunTime:0.012000s ]
INFO: [ view_filter ] --START--
INFO: Run Behavior\WriteHtmlCacheBehavior [ RunTime:0.001000s ]
INFO: [ view_filter ] --END-- [ RunTime:0.001000s ]
INFO: [ app_end ] --START--
INFO: Run Behavior\ShowPageTraceBehavior [ RunTime:0.001000s ]
INFO: [ app_end ] --END-- [ RunTime:0.001000s ]

[ 2016-05-28T22:02:14+08:00 ] ::1 /testbench/tp/index.php/Home/User/imageProcess.html
INFO: [ app_init ] --START--
INFO: Run Behavior\BuildLiteBehavior [ RunTime:0.000000s ]
INFO: [ app_init ] --END-- [ RunTime:0.000000s ]
INFO: [ app_begin ] --START--
INFO: Run Behavior\ReadHtmlCacheBehavior [ RunTime:0.001000s ]
INFO: [ app_begin ] --END-- [ RunTime:0.001000s ]
NOTIC: [2] call_user_func() expects parameter 1 to be a valid callback, no array or string given D:\xampp\htdocs\testbench\tp\ThinkPHP\Library\Think\Upload.class.php 第 170 行.
SQL: SHOW COLUMNS FROM `think_imageprocess` [ RunTime:0.0020s ]
SQL: INSERT INTO `think_imageprocess` (`username`,`file_origin_name`,`file_save_name`,`file_save_path`,`uploadtime`) VALUES ('luuuyi','7.jpg','5749a4e620113.jpg','images/20160528/','2016-05-28 22:02:14') [ RunTime:0.0470s ]

[ 2016-05-28T22:02:17+08:00 ] ::1 /testbench/tp/index.php/Home/User/ajaxProcess.html
INFO: [ app_init ] --START--
INFO: Run Behavior\BuildLiteBehavior [ RunTime:0.000000s ]
INFO: [ app_init ] --END-- [ RunTime:0.000000s ]
INFO: [ app_begin ] --START--
INFO: Run Behavior\ReadHtmlCacheBehavior [ RunTime:0.001000s ]
INFO: [ app_begin ] --END-- [ RunTime:0.001000s ]
SQL: SHOW COLUMNS FROM `think_imageprocess` [ RunTime:0.0030s ]
SQL: UPDATE `think_imageprocess` SET `file_type`='二维码' WHERE ( file_save_name = '5749a4e620113.jpg' ) [ RunTime:0.0600s ]

[ 2016-05-28T22:02:27+08:00 ] ::1 /testbench/tp/index.php/Home/User/ajaxProcess.html
INFO: [ app_init ] --START--
INFO: Run Behavior\BuildLiteBehavior [ RunTime:0.000000s ]
INFO: [ app_init ] --END-- [ RunTime:0.000000s ]
INFO: [ app_begin ] --START--
INFO: Run Behavior\ReadHtmlCacheBehavior [ RunTime:0.004000s ]
INFO: [ app_begin ] --END-- [ RunTime:0.004000s ]
SQL: SHOW COLUMNS FROM `think_imageprocess` [ RunTime:0.0040s ]
SQL: UPDATE `think_imageprocess` SET `file_type`='人脸图像' WHERE ( file_save_name = '5749a4e620113.jpg' ) [ RunTime:0.0450s ]
NOTIC: [2] file_get_contents(http://api.cn.faceplusplus.com/v2/detection/detect?url=host/testbench/tp/Public/Home/imageProcess/images/20160528/5749a4e620113.jpg&amp;api_key=b7f5856b3a0498d67146511bbedc2b2b&amp;api_secret=aKhlYME0lg0Y2DLuvSTSM_eKMqw84Iue&amp;&amp;attribute=glass,pose,gender,age,race,smiling): failed to open stream: HTTP request failed! HTTP/1.1 432 UNKNOWN
 D:\xampp\htdocs\testbench\tp\Application\Home\Common\function.php 第 36 行.
NOTIC: [8] Trying to get property of non-object D:\xampp\htdocs\testbench\tp\Application\Home\Common\function.php 第 41 行.
NOTIC: [8] Trying to get property of non-object D:\xampp\htdocs\testbench\tp\Application\Home\Common\function.php 第 42 行.
NOTIC: [8] Trying to get property of non-object D:\xampp\htdocs\testbench\tp\Application\Home\Common\function.php 第 43 行.

[ 2016-05-28T22:02:32+08:00 ] ::1 /testbench/tp/index.php/Home/User/ajaxProcess.html
INFO: [ app_init ] --START--
INFO: Run Behavior\BuildLiteBehavior [ RunTime:0.000000s ]
INFO: [ app_init ] --END-- [ RunTime:0.000000s ]
INFO: [ app_begin ] --START--
INFO: Run Behavior\ReadHtmlCacheBehavior [ RunTime:0.001000s ]
INFO: [ app_begin ] --END-- [ RunTime:0.001000s ]
SQL: SHOW COLUMNS FROM `think_imageprocess` [ RunTime:0.0030s ]
SQL: UPDATE `think_imageprocess` SET `file_type`='二维码' WHERE ( file_save_name = '5749a4e620113.jpg' ) [ RunTime:0.0420s ]

[ 2016-05-28T22:09:49+08:00 ] ::1 /testbench/tp/index.php/Home/user/imageprocess.html
INFO: [ app_init ] --START--
INFO: Run Behavior\BuildLiteBehavior [ RunTime:0.000000s ]
INFO: [ app_init ] --END-- [ RunTime:0.000000s ]
INFO: [ app_begin ] --START--
INFO: Run Behavior\ReadHtmlCacheBehavior [ RunTime:0.001000s ]
INFO: [ app_begin ] --END-- [ RunTime:0.001000s ]
INFO: [ view_parse ] --START--
INFO: [ template_filter ] --START--
INFO: Run Behavior\ContentReplaceBehavior [ RunTime:0.000000s ]
INFO: [ template_filter ] --END-- [ RunTime:0.000000s ]
INFO: Run Behavior\ParseTemplateBehavior [ RunTime:0.010001s ]
INFO: [ view_parse ] --END-- [ RunTime:0.010001s ]
INFO: [ view_filter ] --START--
INFO: Run Behavior\WriteHtmlCacheBehavior [ RunTime:0.002000s ]
INFO: [ view_filter ] --END-- [ RunTime:0.002000s ]
INFO: [ app_end ] --START--
INFO: Run Behavior\ShowPageTraceBehavior [ RunTime:0.001000s ]
INFO: [ app_end ] --END-- [ RunTime:0.001000s ]

[ 2016-05-28T22:10:03+08:00 ] ::1 /testbench/tp/index.php/Home/User/imageProcess.html
INFO: [ app_init ] --START--
INFO: Run Behavior\BuildLiteBehavior [ RunTime:0.000000s ]
INFO: [ app_init ] --END-- [ RunTime:0.000000s ]
INFO: [ app_begin ] --START--
INFO: Run Behavior\ReadHtmlCacheBehavior [ RunTime:0.001000s ]
INFO: [ app_begin ] --END-- [ RunTime:0.001000s ]
NOTIC: [2] call_user_func() expects parameter 1 to be a valid callback, no array or string given D:\xampp\htdocs\testbench\tp\ThinkPHP\Library\Think\Upload.class.php 第 170 行.
SQL: SHOW COLUMNS FROM `think_imageprocess` [ RunTime:0.0020s ]
SQL: INSERT INTO `think_imageprocess` (`username`,`file_origin_name`,`file_save_name`,`file_save_path`,`uploadtime`) VALUES ('luuuyi','3.jpg','5749a6baf372d.jpg','images/20160528/','2016-05-28 22:10:03') [ RunTime:0.0550s ]

[ 2016-05-28T22:10:06+08:00 ] ::1 /testbench/tp/index.php/Home/User/ajaxProcess.html
INFO: [ app_init ] --START--
INFO: Run Behavior\BuildLiteBehavior [ RunTime:0.000000s ]
INFO: [ app_init ] --END-- [ RunTime:0.001000s ]
INFO: [ app_begin ] --START--
INFO: Run Behavior\ReadHtmlCacheBehavior [ RunTime:0.001000s ]
INFO: [ app_begin ] --END-- [ RunTime:0.001000s ]
SQL: SHOW COLUMNS FROM `think_imageprocess` [ RunTime:0.0030s ]
SQL: UPDATE `think_imageprocess` SET `file_type`='二维码',`file_detect_result`='http://www.lgms.net' WHERE ( file_save_name = '5749a6baf372d.jpg' ) [ RunTime:0.0610s ]

[ 2016-05-28T22:10:40+08:00 ] ::1 /testbench/tp/index.php/Home/User/ajaxProcess.html
INFO: [ app_init ] --START--
INFO: Run Behavior\BuildLiteBehavior [ RunTime:0.000000s ]
INFO: [ app_init ] --END-- [ RunTime:0.000000s ]
INFO: [ app_begin ] --START--
INFO: Run Behavior\ReadHtmlCacheBehavior [ RunTime:0.001000s ]
INFO: [ app_begin ] --END-- [ RunTime:0.001000s ]
SQL: SHOW COLUMNS FROM `think_imageprocess` [ RunTime:0.0030s ]
SQL: UPDATE `think_imageprocess` SET `file_type`='二维码',`file_detect_result`='http://www.lgms.net' WHERE ( file_save_name = '5749a6baf372d.jpg' ) [ RunTime:0.0440s ]

[ 2016-05-28T22:11:29+08:00 ] ::1 /testbench/tp/index.php/Home/User/ajaxProcess.html
INFO: [ app_init ] --START--
INFO: Run Behavior\BuildLiteBehavior [ RunTime:0.000000s ]
INFO: [ app_init ] --END-- [ RunTime:0.000000s ]
INFO: [ app_begin ] --START--
INFO: Run Behavior\ReadHtmlCacheBehavior [ RunTime:0.001000s ]
INFO: [ app_begin ] --END-- [ RunTime:0.002000s ]
SQL: SHOW COLUMNS FROM `think_imageprocess` [ RunTime:0.0030s ]
NOTIC: [2] file_get_contents(http://api.cn.faceplusplus.com/v2/detection/detect?url=host/testbench/tp/Public/Home/imageProcess/images/20160528/5749a6baf372d.jpg&amp;api_key=b7f5856b3a0498d67146511bbedc2b2b&amp;api_secret=aKhlYME0lg0Y2DLuvSTSM_eKMqw84Iue&amp;&amp;attribute=glass,pose,gender,age,race,smiling): failed to open stream: HTTP request failed! HTTP/1.1 432 UNKNOWN
 D:\xampp\htdocs\testbench\tp\Application\Home\Common\function.php 第 36 行.
NOTIC: [8] Trying to get property of non-object D:\xampp\htdocs\testbench\tp\Application\Home\Common\function.php 第 41 行.
NOTIC: [8] Trying to get property of non-object D:\xampp\htdocs\testbench\tp\Application\Home\Common\function.php 第 42 行.
NOTIC: [8] Trying to get property of non-object D:\xampp\htdocs\testbench\tp\Application\Home\Common\function.php 第 43 行.
SQL: UPDATE `think_imageprocess` SET `file_type`='人脸图像',`file_detect_result`='Null' WHERE ( file_save_name = '5749a6baf372d.jpg' ) [ RunTime:0.0420s ]

[ 2016-05-28T22:11:57+08:00 ] ::1 /testbench/tp/index.php/Home/User/ajaxProcess.html
INFO: [ app_init ] --START--
INFO: Run Behavior\BuildLiteBehavior [ RunTime:0.000000s ]
INFO: [ app_init ] --END-- [ RunTime:0.001000s ]
INFO: [ app_begin ] --START--
INFO: Run Behavior\ReadHtmlCacheBehavior [ RunTime:0.001000s ]
INFO: [ app_begin ] --END-- [ RunTime:0.001000s ]
SQL: SHOW COLUMNS FROM `think_imageprocess` [ RunTime:0.0030s ]
SQL: UPDATE `think_imageprocess` SET `file_type`='二维码',`file_detect_result`='http://www.lgms.net' WHERE ( file_save_name = '5749a6baf372d.jpg' ) [ RunTime:0.0380s ]

